# JRE version: Java(TM) SE Runtime Environment (15.0.2+7) (build 15.0.2+7-27)
# Java VM: Java HotSpot(TM) 64-Bit Server VM (15.0.2+7-27, mixed mode, sharing, tiered, compressed oops, g1 gc, windows-amd64)
GC Precious Log:
 CPUs: 8 total, 8 available
 Memory: 16165M
 Large Page Support: Disabled
 NUMA Support: Disabled
 Compressed Oops: Enabled (Zero based)
 Heap Region Size: 2M
 Heap Min Capacity: 8M
 Heap Initial Capacity: 254M
 Heap Max Capacity: 4042M
 Pre-touch: Disabled
 Parallel Workers: 8
 Concurrent Workers: 2
 Concurrent Refinement Workers: 8
 Periodic GC: Disabled
Heap:
 garbage-first heap   total 157696K, used 32661K [0x0000000703600000, 0x0000000800000000)
  region size 2048K, 7 young (14336K), 3 survivors (6144K)
 Metaspace       used 59616K, capacity 60112K, committed 60296K, reserved 1101824K
  class space    used 7560K, capacity 7736K, committed 7808K, reserved 1048576K
GC Heap History (20 events):
Event: 7.486 GC heap before
{Heap before GC invocations=6 (full 0):
 garbage-first heap   total 55296K, used 34377K [0x0000000703600000, 0x0000000800000000)
  region size 2048K, 12 young (24576K), 2 survivors (4096K)
 Metaspace       used 29582K, capacity 29889K, committed 30128K, reserved 1075200K
  class space    used 3590K, capacity 3729K, committed 3840K, reserved 1048576K
}
Event: 7.501 GC heap after
{Heap after GC invocations=7 (full 0):
 garbage-first heap   total 55296K, used 17072K [0x0000000703600000, 0x0000000800000000)
  region size 2048K, 1 young (2048K), 1 survivors (2048K)
 Metaspace       used 29582K, capacity 29889K, committed 30128K, reserved 1075200K
  class space    used 3590K, capacity 3729K, committed 3840K, reserved 1048576K
}
Event: 7.504 GC heap before
{Heap before GC invocations=7 (full 0):
 garbage-first heap   total 55296K, used 35504K [0x0000000703600000, 0x0000000800000000)
  region size 2048K, 11 young (22528K), 1 survivors (2048K)
 Metaspace       used 29582K, capacity 29889K, committed 30128K, reserved 1075200K
  class space    used 3590K, capacity 3729K, committed 3840K, reserved 1048576K
}
Event: 7.508 GC heap after
{Heap after GC invocations=8 (full 0):
 garbage-first heap   total 55296K, used 17045K [0x0000000703600000, 0x0000000800000000)
  region size 2048K, 1 young (2048K), 1 survivors (2048K)
 Metaspace       used 29582K, capacity 29889K, committed 30128K, reserved 1075200K
  class space    used 3590K, capacity 3729K, committed 3840K, reserved 1048576K
}
Event: 7.933 GC heap before
{Heap before GC invocations=8 (full 0):
 garbage-first heap   total 55296K, used 35477K [0x0000000703600000, 0x0000000800000000)
  region size 2048K, 11 young (22528K), 1 survivors (2048K)
 Metaspace       used 30603K, capacity 30998K, committed 31280K, reserved 1077248K
  class space    used 3718K, capacity 3863K, committed 3968K, reserved 1048576K
}
Event: 7.939 GC heap after
{Heap after GC invocations=9 (full 0):
 garbage-first heap   total 55296K, used 17709K [0x0000000703600000, 0x0000000800000000)
  region size 2048K, 1 young (2048K), 1 survivors (2048K)
 Metaspace       used 30603K, capacity 30998K, committed 31280K, reserved 1077248K
  class space    used 3718K, capacity 3863K, committed 3968K, reserved 1048576K
}
Event: 8.719 GC heap before
{Heap before GC invocations=9 (full 0):
 garbage-first heap   total 55296K, used 40237K [0x0000000703600000, 0x0000000800000000)
  region size 2048K, 12 young (24576K), 1 survivors (2048K)
 Metaspace       used 34286K, capacity 34705K, committed 34736K, reserved 1079296K
  class space    used 4213K, capacity 4349K, committed 4352K, reserved 1048576K
}
Event: 8.729 GC heap after
{Heap after GC invocations=10 (full 0):
 garbage-first heap   total 55296K, used 18599K [0x0000000703600000, 0x0000000800000000)
  region size 2048K, 2 young (4096K), 2 survivors (4096K)
 Metaspace       used 34286K, capacity 34705K, committed 34736K, reserved 1079296K
  class space    used 4213K, capacity 4349K, committed 4352K, reserved 1048576K
}
Event: 8.941 GC heap before
{Heap before GC invocations=10 (full 0):
 garbage-first heap   total 55296K, used 22695K [0x0000000703600000, 0x0000000800000000)
  region size 2048K, 5 young (10240K), 2 survivors (4096K)
 Metaspace       used 35396K, capacity 35805K, committed 35920K, reserved 1081344K
  class space    used 4410K, capacity 4543K, committed 4608K, reserved 1048576K
}
Event: 8.950 GC heap after
{Heap after GC invocations=11 (full 0):
 garbage-first heap   total 55296K, used 18973K [0x0000000703600000, 0x0000000800000000)
  region size 2048K, 2 young (4096K), 2 survivors (4096K)
 Metaspace       used 35396K, capacity 35805K, committed 35920K, reserved 1081344K
  class space    used 4410K, capacity 4543K, committed 4608K, reserved 1048576K
}
Event: 9.554 GC heap before
{Heap before GC invocations=12 (full 0):
 garbage-first heap   total 55296K, used 37405K [0x0000000703600000, 0x0000000800000000)
  region size 2048K, 12 young (24576K), 2 survivors (4096K)
 Metaspace       used 41251K, capacity 41627K, committed 41808K, reserved 1085440K
  class space    used 5153K, capacity 5288K, committed 5376K, reserved 1048576K
}
Event: 9.561 GC heap after
{Heap after GC invocations=13 (full 0):
 garbage-first heap   total 55296K, used 20928K [0x0000000703600000, 0x0000000800000000)
  region size 2048K, 2 young (4096K), 2 survivors (4096K)
 Metaspace       used 41251K, capacity 41627K, committed 41808K, reserved 1085440K
  class space    used 5153K, capacity 5288K, committed 5376K, reserved 1048576K
}
Event: 9.967 GC heap before
{Heap before GC invocations=13 (full 0):
 garbage-first heap   total 55296K, used 39360K [0x0000000703600000, 0x0000000800000000)
  region size 2048K, 11 young (22528K), 2 survivors (4096K)
 Metaspace       used 44909K, capacity 45270K, committed 45392K, reserved 1089536K
  class space    used 5625K, capacity 5773K, committed 5888K, reserved 1048576K
}
Event: 9.978 GC heap after
{Heap after GC invocations=14 (full 0):
 garbage-first heap   total 55296K, used 21910K [0x0000000703600000, 0x0000000800000000)
  region size 2048K, 1 young (2048K), 1 survivors (2048K)
 Metaspace       used 44909K, capacity 45270K, committed 45392K, reserved 1089536K
  class space    used 5625K, capacity 5773K, committed 5888K, reserved 1048576K
}
Event: 10.160 GC heap before
{Heap before GC invocations=14 (full 0):
 garbage-first heap   total 55296K, used 40342K [0x0000000703600000, 0x0000000800000000)
  region size 2048K, 10 young (20480K), 1 survivors (2048K)
 Metaspace       used 45793K, capacity 46166K, committed 46288K, reserved 1089536K
  class space    used 5749K, capacity 5901K, committed 6016K, reserved 1048576K
}
Event: 10.165 GC heap after
{Heap after GC invocations=15 (full 0):
 garbage-first heap   total 55296K, used 22198K [0x0000000703600000, 0x0000000800000000)
  region size 2048K, 1 young (2048K), 1 survivors (2048K)
 Metaspace       used 45793K, capacity 46166K, committed 46288K, reserved 1089536K
  class space    used 5749K, capacity 5901K, committed 6016K, reserved 1048576K
}
Event: 10.457 GC heap before
{Heap before GC invocations=15 (full 0):
 garbage-first heap   total 55296K, used 42678K [0x0000000703600000, 0x0000000800000000)
  region size 2048K, 11 young (22528K), 1 survivors (2048K)
 Metaspace       used 47642K, capacity 48075K, committed 48208K, reserved 1091584K
  class space    used 5967K, capacity 6129K, committed 6144K, reserved 1048576K
}
Event: 10.463 GC heap after
{Heap after GC invocations=16 (full 0):
 garbage-first heap   total 157696K, used 22907K [0x0000000703600000, 0x0000000800000000)
  region size 2048K, 1 young (2048K), 1 survivors (2048K)
 Metaspace       used 47642K, capacity 48075K, committed 48208K, reserved 1091584K
  class space    used 5967K, capacity 6129K, committed 6144K, reserved 1048576K
}
Event: 13.537 GC heap before
{Heap before GC invocations=16 (full 0):
 garbage-first heap   total 157696K, used 115067K [0x0000000703600000, 0x0000000800000000)
  region size 2048K, 46 young (94208K), 1 survivors (2048K)
 Metaspace       used 58967K, capacity 59489K, committed 59728K, reserved 1101824K
  class space    used 7483K, capacity 7636K, committed 7680K, reserved 1048576K
}
Event: 13.547 GC heap after
{Heap after GC invocations=17 (full 0):
 garbage-first heap   total 157696K, used 26517K [0x0000000703600000, 0x0000000800000000)
  region size 2048K, 3 young (6144K), 3 survivors (6144K)
 Metaspace       used 58967K, capacity 59489K, committed 59728K, reserved 1101824K
  class space    used 7483K, capacity 7636K, committed 7680K, reserved 1048576K
}

